[27-Mar-2017 22:01:38 UTC] ADD EMAIL
[27-Mar-2017 22:22:43 UTC] ADD EMAIL
[27-Mar-2017 22:22:56 UTC] purge_varnish_cache() failed for: (localhost) #^(tilray\.staging\.wpengine\.com)$# #(/en/products/tilray-products/black-tuna(.*))#
[27-Mar-2017 22:22:56 UTC] purge_varnish_cache() failed for: (localhost) #^(tilray\.staging\.wpengine\.com)$# #(/en/products/tilray-products/black-tuna(.*))#
[27-Mar-2017 22:37:39 UTC] PHP Notice:  Undefined variable: this in /nas/content/staging/tilray/wp-content/plugins/tilray-products/tilray-products.php on line 134
[27-Mar-2017 22:37:40 UTC] PHP Notice:  Undefined variable: this in /nas/content/staging/tilray/wp-content/plugins/tilray-products/tilray-products.php on line 134
[27-Mar-2017 22:37:56 UTC] PHP Notice:  Undefined variable: this in /nas/content/staging/tilray/wp-content/plugins/tilray-products/tilray-products.php on line 134
[27-Mar-2017 22:39:00 UTC] PHP Notice:  Undefined variable: this in /nas/content/staging/tilray/wp-content/plugins/tilray-products/tilray-products.php on line 134
[27-Mar-2017 22:41:00 UTC] PHP Notice:  Undefined variable: this in /nas/content/staging/tilray/wp-content/plugins/tilray-products/tilray-products.php on line 134
[27-Mar-2017 22:43:02 UTC] PHP Notice:  Undefined variable: this in /nas/content/staging/tilray/wp-content/plugins/tilray-products/tilray-products.php on line 134
[27-Mar-2017 22:45:04 UTC] PHP Notice:  Undefined variable: this in /nas/content/staging/tilray/wp-content/plugins/tilray-products/tilray-products.php on line 134
[27-Mar-2017 22:47:08 UTC] PHP Notice:  Undefined variable: this in /nas/content/staging/tilray/wp-content/plugins/tilray-products/tilray-products.php on line 134
[28-Mar-2017 14:26:55 UTC] PHP Notice:  Undefined variable: this in /nas/content/staging/tilray/wp-content/plugins/tilray-products/tilray-products.php on line 134
[28-Mar-2017 14:26:55 UTC] PHP Notice:  Undefined variable: this in /nas/content/staging/tilray/wp-content/plugins/tilray-products/tilray-products.php on line 134
[28-Mar-2017 19:28:42 UTC] PHP Notice:  Undefined variable: this in /nas/content/staging/tilray/wp-content/plugins/tilray-products/tilray-products.php on line 134
[28-Mar-2017 19:28:46 UTC] PHP Notice:  Undefined variable: this in /nas/content/staging/tilray/wp-content/plugins/tilray-products/tilray-products.php on line 134
[28-Mar-2017 19:28:48 UTC] PHP Notice:  Undefined offset: 1 in /nas/content/staging/tilray/wp-admin/includes/dashboard.php on line 1227
[28-Mar-2017 19:44:47 UTC] PHP Notice:  Undefined variable: this in /nas/content/staging/tilray/wp-content/plugins/tilray-products/tilray-products.php on line 134
[28-Mar-2017 19:44:49 UTC] PHP Notice:  Undefined variable: this in /nas/content/staging/tilray/wp-content/plugins/tilray-products/tilray-products.php on line 134
[28-Mar-2017 19:45:05 UTC] PHP Notice:  Undefined variable: this in /nas/content/staging/tilray/wp-content/plugins/tilray-products/tilray-products.php on line 134
[28-Mar-2017 19:45:08 UTC] PHP Notice:  Undefined variable: this in /nas/content/staging/tilray/wp-content/plugins/tilray-products/tilray-products.php on line 134
[28-Mar-2017 19:45:08 UTC] PHP Notice:  Undefined variable: this in /nas/content/staging/tilray/wp-content/plugins/tilray-products/tilray-products.php on line 134
[28-Mar-2017 19:45:36 UTC] PHP Notice:  Undefined variable: this in /nas/content/staging/tilray/wp-content/plugins/tilray-products/tilray-products.php on line 134
[28-Mar-2017 19:45:49 UTC] PHP Notice:  Undefined variable: this in /nas/content/staging/tilray/wp-content/plugins/tilray-products/tilray-products.php on line 134
[28-Mar-2017 19:45:59 UTC] PHP Notice:  Undefined variable: this in /nas/content/staging/tilray/wp-content/plugins/tilray-products/tilray-products.php on line 134
[28-Mar-2017 19:45:59 UTC] purge_varnish_cache() failed for: (localhost) #^(tilray\.staging\.wpengine\.com)$# #(/en(.*)?post_type=acf-field-group&p=1798)#
[28-Mar-2017 19:45:59 UTC] purge_varnish_cache() failed for: (localhost) #^(tilray\.staging\.wpengine\.com)$# #(/en(.*)?post_type=acf-field-group&p=1798)#
[28-Mar-2017 19:45:59 UTC] purge_varnish_cache() failed for: (localhost) #^(tilray\.staging\.wpengine\.com)$# #(/en(.*)?post_type=acf-field&p=2543|^/en/$|/feed)#
[28-Mar-2017 19:45:59 UTC] PHP Notice:  Undefined variable: this in /nas/content/staging/tilray/wp-content/plugins/tilray-products/tilray-products.php on line 134
[28-Mar-2017 19:46:01 UTC] PHP Notice:  Undefined variable: this in /nas/content/staging/tilray/wp-content/plugins/tilray-products/tilray-products.php on line 134
[28-Mar-2017 19:46:02 UTC] PHP Notice:  Undefined variable: this in /nas/content/staging/tilray/wp-content/plugins/tilray-products/tilray-products.php on line 134
[28-Mar-2017 19:46:02 UTC] PHP Notice:  Undefined variable: this in /nas/content/staging/tilray/wp-content/plugins/tilray-products/tilray-products.php on line 134
[28-Mar-2017 19:47:08 UTC] PHP Notice:  Undefined variable: this in /nas/content/staging/tilray/wp-content/plugins/tilray-products/tilray-products.php on line 134
[28-Mar-2017 19:49:10 UTC] PHP Notice:  Undefined variable: this in /nas/content/staging/tilray/wp-content/plugins/tilray-products/tilray-products.php on line 134
[28-Mar-2017 19:51:13 UTC] PHP Notice:  Undefined variable: this in /nas/content/staging/tilray/wp-content/plugins/tilray-products/tilray-products.php on line 134
[28-Mar-2017 19:51:52 UTC] PHP Notice:  Undefined variable: this in /nas/content/staging/tilray/wp-content/plugins/tilray-products/tilray-products.php on line 134
[28-Mar-2017 19:51:54 UTC] PHP Notice:  Undefined variable: this in /nas/content/staging/tilray/wp-content/plugins/tilray-products/tilray-products.php on line 134
[28-Mar-2017 19:52:09 UTC] PHP Notice:  Undefined variable: this in /nas/content/staging/tilray/wp-content/plugins/tilray-products/tilray-products.php on line 134
[28-Mar-2017 19:52:10 UTC] PHP Notice:  Undefined variable: this in /nas/content/staging/tilray/wp-content/plugins/tilray-products/tilray-products.php on line 134
[28-Mar-2017 19:52:14 UTC] PHP Notice:  Undefined variable: this in /nas/content/staging/tilray/wp-content/plugins/tilray-products/tilray-products.php on line 134
[28-Mar-2017 19:52:19 UTC] PHP Notice:  Undefined variable: this in /nas/content/staging/tilray/wp-content/plugins/tilray-products/tilray-products.php on line 134
[28-Mar-2017 19:52:23 UTC] PHP Notice:  Undefined variable: this in /nas/content/staging/tilray/wp-content/plugins/tilray-products/tilray-products.php on line 134
[28-Mar-2017 19:52:24 UTC] PHP Notice:  Undefined variable: this in /nas/content/staging/tilray/wp-content/plugins/tilray-products/tilray-products.php on line 134
[28-Mar-2017 19:52:26 UTC] PHP Notice:  Undefined variable: this in /nas/content/staging/tilray/wp-content/plugins/tilray-products/tilray-products.php on line 134
[28-Mar-2017 19:52:29 UTC] PHP Notice:  Undefined variable: this in /nas/content/staging/tilray/wp-content/plugins/tilray-products/tilray-products.php on line 134
[28-Mar-2017 19:52:31 UTC] PHP Notice:  Undefined variable: this in /nas/content/staging/tilray/wp-content/plugins/tilray-products/tilray-products.php on line 134
[28-Mar-2017 19:52:37 UTC] PHP Notice:  Undefined variable: this in /nas/content/staging/tilray/wp-content/plugins/tilray-products/tilray-products.php on line 134
[28-Mar-2017 19:52:39 UTC] PHP Notice:  Undefined variable: this in /nas/content/staging/tilray/wp-content/plugins/tilray-products/tilray-products.php on line 134
[28-Mar-2017 19:52:40 UTC] PHP Notice:  Undefined variable: this in /nas/content/staging/tilray/wp-content/plugins/tilray-products/tilray-products.php on line 134
[28-Mar-2017 19:52:44 UTC] PHP Notice:  Undefined variable: this in /nas/content/staging/tilray/wp-content/plugins/tilray-products/tilray-products.php on line 134
[28-Mar-2017 19:52:45 UTC] PHP Notice:  Undefined variable: this in /nas/content/staging/tilray/wp-content/plugins/tilray-products/tilray-products.php on line 134
[28-Mar-2017 19:52:48 UTC] PHP Notice:  Undefined variable: this in /nas/content/staging/tilray/wp-content/plugins/tilray-products/tilray-products.php on line 134
[28-Mar-2017 19:52:54 UTC] PHP Notice:  Undefined variable: this in /nas/content/staging/tilray/wp-content/plugins/tilray-products/tilray-products.php on line 134
[28-Mar-2017 19:52:54 UTC] PHP Notice:  Undefined variable: this in /nas/content/staging/tilray/wp-content/plugins/tilray-products/tilray-products.php on line 134
[28-Mar-2017 19:52:55 UTC] PHP Notice:  Undefined variable: this in /nas/content/staging/tilray/wp-content/plugins/tilray-products/tilray-products.php on line 134
[28-Mar-2017 19:52:57 UTC] PHP Notice:  Undefined variable: this in /nas/content/staging/tilray/wp-content/plugins/tilray-products/tilray-products.php on line 134
[28-Mar-2017 19:52:59 UTC] PHP Notice:  Undefined variable: this in /nas/content/staging/tilray/wp-content/plugins/tilray-products/tilray-products.php on line 134
[28-Mar-2017 19:53:02 UTC] PHP Notice:  Undefined variable: this in /nas/content/staging/tilray/wp-content/plugins/tilray-products/tilray-products.php on line 134
[28-Mar-2017 19:53:05 UTC] PHP Notice:  Undefined variable: this in /nas/content/staging/tilray/wp-content/plugins/tilray-products/tilray-products.php on line 134
[28-Mar-2017 19:53:05 UTC] PHP Notice:  Undefined variable: this in /nas/content/staging/tilray/wp-content/plugins/tilray-products/tilray-products.php on line 134
[28-Mar-2017 19:54:06 UTC] PHP Notice:  Undefined variable: this in /nas/content/staging/tilray/wp-content/plugins/tilray-products/tilray-products.php on line 134
[28-Mar-2017 19:54:17 UTC] PHP Notice:  Undefined variable: this in /nas/content/staging/tilray/wp-content/plugins/tilray-products/tilray-products.php on line 134
[28-Mar-2017 19:54:17 UTC] purge_varnish_cache() failed for: (localhost) #^(tilray\.staging\.wpengine\.com)$# #(/en(.*)?post_type=acf-field-group&p=1798)#
[28-Mar-2017 19:54:17 UTC] purge_varnish_cache() failed for: (localhost) #^(tilray\.staging\.wpengine\.com)$# #(/en(.*)?post_type=acf-field-group&p=1798)#
[28-Mar-2017 19:54:17 UTC] purge_varnish_cache() failed for: (localhost) #^(tilray\.staging\.wpengine\.com)$# #(/en(.*)?post_type=acf-field&p=2544|^/en/$|/feed)#
[28-Mar-2017 19:54:18 UTC] PHP Notice:  Undefined variable: this in /nas/content/staging/tilray/wp-content/plugins/tilray-products/tilray-products.php on line 134
[28-Mar-2017 19:54:19 UTC] PHP Notice:  Undefined variable: this in /nas/content/staging/tilray/wp-content/plugins/tilray-products/tilray-products.php on line 134
[28-Mar-2017 19:54:20 UTC] PHP Notice:  Undefined variable: this in /nas/content/staging/tilray/wp-content/plugins/tilray-products/tilray-products.php on line 134
[28-Mar-2017 19:54:20 UTC] PHP Notice:  Undefined variable: this in /nas/content/staging/tilray/wp-content/plugins/tilray-products/tilray-products.php on line 134
[28-Mar-2017 19:56:22 UTC] PHP Notice:  Undefined variable: this in /nas/content/staging/tilray/wp-content/plugins/tilray-products/tilray-products.php on line 134
[28-Mar-2017 19:58:23 UTC] PHP Notice:  Undefined variable: this in /nas/content/staging/tilray/wp-content/plugins/tilray-products/tilray-products.php on line 134
[28-Mar-2017 20:00:26 UTC] PHP Notice:  Undefined variable: this in /nas/content/staging/tilray/wp-content/plugins/tilray-products/tilray-products.php on line 134
[28-Mar-2017 20:02:28 UTC] PHP Notice:  Undefined variable: this in /nas/content/staging/tilray/wp-content/plugins/tilray-products/tilray-products.php on line 134
[28-Mar-2017 20:04:30 UTC] PHP Notice:  Undefined variable: this in /nas/content/staging/tilray/wp-content/plugins/tilray-products/tilray-products.php on line 134
[28-Mar-2017 20:06:31 UTC] PHP Notice:  Undefined variable: this in /nas/content/staging/tilray/wp-content/plugins/tilray-products/tilray-products.php on line 134
[28-Mar-2017 20:08:32 UTC] PHP Notice:  Undefined variable: this in /nas/content/staging/tilray/wp-content/plugins/tilray-products/tilray-products.php on line 134
[28-Mar-2017 20:10:35 UTC] PHP Notice:  Undefined variable: this in /nas/content/staging/tilray/wp-content/plugins/tilray-products/tilray-products.php on line 134
[28-Mar-2017 20:12:35 UTC] PHP Notice:  Undefined variable: this in /nas/content/staging/tilray/wp-content/plugins/tilray-products/tilray-products.php on line 134
[28-Mar-2017 20:14:37 UTC] PHP Notice:  Undefined variable: this in /nas/content/staging/tilray/wp-content/plugins/tilray-products/tilray-products.php on line 134
[28-Mar-2017 20:16:37 UTC] PHP Notice:  Undefined variable: this in /nas/content/staging/tilray/wp-content/plugins/tilray-products/tilray-products.php on line 134
[28-Mar-2017 20:18:40 UTC] PHP Notice:  Undefined variable: this in /nas/content/staging/tilray/wp-content/plugins/tilray-products/tilray-products.php on line 134
[28-Mar-2017 20:20:42 UTC] PHP Notice:  Undefined variable: this in /nas/content/staging/tilray/wp-content/plugins/tilray-products/tilray-products.php on line 134
[28-Mar-2017 20:22:43 UTC] PHP Notice:  Undefined variable: this in /nas/content/staging/tilray/wp-content/plugins/tilray-products/tilray-products.php on line 134
[28-Mar-2017 20:24:44 UTC] PHP Notice:  Undefined variable: this in /nas/content/staging/tilray/wp-content/plugins/tilray-products/tilray-products.php on line 134
[28-Mar-2017 20:26:47 UTC] PHP Notice:  Undefined variable: this in /nas/content/staging/tilray/wp-content/plugins/tilray-products/tilray-products.php on line 134
[28-Mar-2017 20:28:50 UTC] PHP Notice:  Undefined variable: this in /nas/content/staging/tilray/wp-content/plugins/tilray-products/tilray-products.php on line 134
[28-Mar-2017 20:30:51 UTC] PHP Notice:  Undefined variable: this in /nas/content/staging/tilray/wp-content/plugins/tilray-products/tilray-products.php on line 134
[28-Mar-2017 20:32:00 UTC] PHP Notice:  Undefined variable: this in /nas/content/staging/tilray/wp-content/plugins/tilray-products/tilray-products.php on line 134
[28-Mar-2017 20:32:01 UTC] PHP Parse error:  syntax error, unexpected end of file in /nas/content/staging/tilray/wp-content/themes/Revera/homepage.php on line 108
[28-Mar-2017 20:32:53 UTC] PHP Notice:  Undefined variable: this in /nas/content/staging/tilray/wp-content/plugins/tilray-products/tilray-products.php on line 134
[28-Mar-2017 20:34:54 UTC] PHP Notice:  Undefined variable: this in /nas/content/staging/tilray/wp-content/plugins/tilray-products/tilray-products.php on line 134
[28-Mar-2017 20:35:36 UTC] PHP Notice:  Undefined variable: this in /nas/content/staging/tilray/wp-content/plugins/tilray-products/tilray-products.php on line 134
[28-Mar-2017 20:35:37 UTC] PHP Notice:  Undefined property: stdClass::$productName in /nas/content/staging/tilray/wp-content/themes/Revera/inc/feature.php on line 37
[28-Mar-2017 20:36:15 UTC] PHP Notice:  Undefined variable: this in /nas/content/staging/tilray/wp-content/plugins/tilray-products/tilray-products.php on line 134
[28-Mar-2017 20:36:15 UTC] PHP Notice:  Undefined property: stdClass::$productName in /nas/content/staging/tilray/wp-content/themes/Revera/inc/feature.php on line 37
[28-Mar-2017 20:36:48 UTC] PHP Notice:  Undefined variable: this in /nas/content/staging/tilray/wp-content/plugins/tilray-products/tilray-products.php on line 134
[28-Mar-2017 20:36:48 UTC] PHP Parse error:  syntax error, unexpected end of file in /nas/content/staging/tilray/wp-content/themes/Revera/homepage.php on line 83
[28-Mar-2017 20:36:57 UTC] PHP Notice:  Undefined variable: this in /nas/content/staging/tilray/wp-content/plugins/tilray-products/tilray-products.php on line 134
[28-Mar-2017 20:37:38 UTC] PHP Notice:  Undefined variable: this in /nas/content/staging/tilray/wp-content/plugins/tilray-products/tilray-products.php on line 134
[28-Mar-2017 20:37:39 UTC] PHP Parse error:  syntax error, unexpected end of file in /nas/content/staging/tilray/wp-content/themes/Revera/homepage.php on line 83
[28-Mar-2017 20:38:18 UTC] PHP Notice:  Undefined variable: this in /nas/content/staging/tilray/wp-content/plugins/tilray-products/tilray-products.php on line 134
[28-Mar-2017 20:38:19 UTC] PHP Notice:  Undefined property: stdClass::$productName in /nas/content/staging/tilray/wp-content/themes/Revera/inc/feature.php on line 37
[28-Mar-2017 20:39:02 UTC] PHP Notice:  Undefined variable: this in /nas/content/staging/tilray/wp-content/plugins/tilray-products/tilray-products.php on line 134
[28-Mar-2017 20:39:27 UTC] PHP Notice:  Undefined variable: this in /nas/content/staging/tilray/wp-content/plugins/tilray-products/tilray-products.php on line 134
[28-Mar-2017 20:39:28 UTC] PHP Notice:  Undefined property: stdClass::$productName in /nas/content/staging/tilray/wp-content/themes/Revera/inc/feature.php on line 37
[28-Mar-2017 20:40:02 UTC] PHP Notice:  Undefined variable: this in /nas/content/staging/tilray/wp-content/plugins/tilray-products/tilray-products.php on line 134
[28-Mar-2017 20:40:38 UTC] PHP Notice:  Undefined variable: this in /nas/content/staging/tilray/wp-content/plugins/tilray-products/tilray-products.php on line 134
[28-Mar-2017 20:40:38 UTC] PHP Notice:  Undefined property: stdClass::$productName in /nas/content/staging/tilray/wp-content/themes/Revera/inc/feature.php on line 37
[28-Mar-2017 20:41:02 UTC] PHP Notice:  Undefined variable: this in /nas/content/staging/tilray/wp-content/plugins/tilray-products/tilray-products.php on line 134
[28-Mar-2017 20:42:01 UTC] PHP Notice:  Undefined variable: this in /nas/content/staging/tilray/wp-content/plugins/tilray-products/tilray-products.php on line 134
[28-Mar-2017 20:43:03 UTC] PHP Notice:  Undefined variable: this in /nas/content/staging/tilray/wp-content/plugins/tilray-products/tilray-products.php on line 134
[28-Mar-2017 20:44:58 UTC] PHP Notice:  Undefined variable: this in /nas/content/staging/tilray/wp-content/plugins/tilray-products/tilray-products.php on line 134
[28-Mar-2017 20:45:04 UTC] PHP Notice:  Undefined variable: this in /nas/content/staging/tilray/wp-content/plugins/tilray-products/tilray-products.php on line 134
[28-Mar-2017 20:47:05 UTC] PHP Notice:  Undefined variable: this in /nas/content/staging/tilray/wp-content/plugins/tilray-products/tilray-products.php on line 134
[28-Mar-2017 20:47:42 UTC] PHP Notice:  Undefined variable: this in /nas/content/staging/tilray/wp-content/plugins/tilray-products/tilray-products.php on line 134
[28-Mar-2017 20:48:09 UTC] PHP Notice:  Undefined variable: this in /nas/content/staging/tilray/wp-content/plugins/tilray-products/tilray-products.php on line 134
[28-Mar-2017 20:49:10 UTC] PHP Notice:  Undefined variable: this in /nas/content/staging/tilray/wp-content/plugins/tilray-products/tilray-products.php on line 134
[28-Mar-2017 20:50:58 UTC] PHP Notice:  Undefined variable: this in /nas/content/staging/tilray/wp-content/plugins/tilray-products/tilray-products.php on line 134
[28-Mar-2017 20:51:08 UTC] PHP Notice:  Undefined variable: this in /nas/content/staging/tilray/wp-content/plugins/tilray-products/tilray-products.php on line 134
[28-Mar-2017 20:51:12 UTC] PHP Notice:  Undefined variable: this in /nas/content/staging/tilray/wp-content/plugins/tilray-products/tilray-products.php on line 134
[28-Mar-2017 20:51:13 UTC] PHP Notice:  Undefined variable: this in /nas/content/staging/tilray/wp-content/plugins/tilray-products/tilray-products.php on line 134
[28-Mar-2017 20:51:14 UTC] PHP Notice:  Undefined variable: this in /nas/content/staging/tilray/wp-content/plugins/tilray-products/tilray-products.php on line 134
[28-Mar-2017 20:51:46 UTC] PHP Notice:  Undefined variable: this in /nas/content/staging/tilray/wp-content/plugins/tilray-products/tilray-products.php on line 134
[28-Mar-2017 20:52:08 UTC] PHP Notice:  Undefined variable: this in /nas/content/staging/tilray/wp-content/plugins/tilray-products/tilray-products.php on line 134
[28-Mar-2017 20:52:28 UTC] PHP Notice:  Undefined variable: this in /nas/content/staging/tilray/wp-content/plugins/tilray-products/tilray-products.php on line 134
[28-Mar-2017 20:52:58 UTC] PHP Notice:  Undefined variable: this in /nas/content/staging/tilray/wp-content/plugins/tilray-products/tilray-products.php on line 134
[28-Mar-2017 20:53:11 UTC] PHP Notice:  Undefined variable: this in /nas/content/staging/tilray/wp-content/plugins/tilray-products/tilray-products.php on line 134
[28-Mar-2017 20:54:21 UTC] PHP Notice:  Undefined variable: this in /nas/content/staging/tilray/wp-content/plugins/tilray-products/tilray-products.php on line 134
[28-Mar-2017 20:54:59 UTC] PHP Notice:  Undefined variable: this in /nas/content/staging/tilray/wp-content/plugins/tilray-products/tilray-products.php on line 134
[28-Mar-2017 20:55:11 UTC] PHP Notice:  Undefined variable: this in /nas/content/staging/tilray/wp-content/plugins/tilray-products/tilray-products.php on line 134
[28-Mar-2017 20:56:58 UTC] PHP Notice:  Undefined variable: this in /nas/content/staging/tilray/wp-content/plugins/tilray-products/tilray-products.php on line 134
[28-Mar-2017 20:56:59 UTC] PHP Notice:  Trying to get property of non-object in /nas/content/staging/tilray/wp-includes/post-template.php on line 298
[28-Mar-2017 20:57:13 UTC] PHP Notice:  Undefined variable: this in /nas/content/staging/tilray/wp-content/plugins/tilray-products/tilray-products.php on line 134
[28-Mar-2017 20:59:13 UTC] PHP Notice:  Undefined variable: this in /nas/content/staging/tilray/wp-content/plugins/tilray-products/tilray-products.php on line 134
[28-Mar-2017 21:00:10 UTC] PHP Notice:  Undefined variable: this in /nas/content/staging/tilray/wp-content/plugins/tilray-products/tilray-products.php on line 134
[28-Mar-2017 21:00:13 UTC] PHP Notice:  Undefined variable: this in /nas/content/staging/tilray/wp-content/plugins/tilray-products/tilray-products.php on line 134
[28-Mar-2017 21:00:14 UTC] PHP Notice:  Trying to get property of non-object in /nas/content/staging/tilray/wp-includes/post-template.php on line 298
[28-Mar-2017 21:01:16 UTC] PHP Notice:  Undefined variable: this in /nas/content/staging/tilray/wp-content/plugins/tilray-products/tilray-products.php on line 134
[28-Mar-2017 21:05:26 UTC] PHP Notice:  Undefined variable: this in /nas/content/staging/tilray/wp-content/plugins/tilray-products/tilray-products.php on line 134
[28-Mar-2017 21:05:35 UTC] PHP Notice:  Undefined variable: this in /nas/content/staging/tilray/wp-content/plugins/tilray-products/tilray-products.php on line 134
[28-Mar-2017 21:05:40 UTC] PHP Notice:  Undefined variable: this in /nas/content/staging/tilray/wp-content/plugins/tilray-products/tilray-products.php on line 134
[28-Mar-2017 21:05:41 UTC] PHP Notice:  Undefined variable: this in /nas/content/staging/tilray/wp-content/plugins/tilray-products/tilray-products.php on line 134
[28-Mar-2017 21:05:41 UTC] PHP Notice:  Undefined variable: this in /nas/content/staging/tilray/wp-content/plugins/tilray-products/tilray-products.php on line 134
[28-Mar-2017 21:05:42 UTC] PHP Notice:  Undefined variable: this in /nas/content/staging/tilray/wp-content/plugins/tilray-products/tilray-products.php on line 134
[28-Mar-2017 21:05:44 UTC] PHP Notice:  Undefined variable: this in /nas/content/staging/tilray/wp-content/plugins/tilray-products/tilray-products.php on line 134
[28-Mar-2017 21:06:16 UTC] PHP Notice:  Undefined variable: this in /nas/content/staging/tilray/wp-content/plugins/tilray-products/tilray-products.php on line 134
[28-Mar-2017 21:06:16 UTC] PHP Notice:  Undefined variable: this in /nas/content/staging/tilray/wp-content/plugins/tilray-products/tilray-products.php on line 134
[28-Mar-2017 21:06:19 UTC] PHP Notice:  Undefined variable: this in /nas/content/staging/tilray/wp-content/plugins/tilray-products/tilray-products.php on line 134
[28-Mar-2017 21:06:36 UTC] PHP Notice:  Undefined variable: this in /nas/content/staging/tilray/wp-content/plugins/tilray-products/tilray-products.php on line 134
[28-Mar-2017 21:06:38 UTC] PHP Notice:  Undefined variable: this in /nas/content/staging/tilray/wp-content/plugins/tilray-products/tilray-products.php on line 134
[28-Mar-2017 21:06:39 UTC] PHP Notice:  Undefined variable: this in /nas/content/staging/tilray/wp-content/plugins/tilray-products/tilray-products.php on line 134
[28-Mar-2017 21:06:57 UTC] PHP Notice:  Undefined variable: this in /nas/content/staging/tilray/wp-content/plugins/tilray-products/tilray-products.php on line 134
[28-Mar-2017 21:06:58 UTC] PHP Notice:  Undefined variable: this in /nas/content/staging/tilray/wp-content/plugins/tilray-products/tilray-products.php on line 134
[28-Mar-2017 21:06:59 UTC] PHP Notice:  Undefined variable: this in /nas/content/staging/tilray/wp-content/plugins/tilray-products/tilray-products.php on line 134
[28-Mar-2017 21:06:59 UTC] PHP Notice:  Undefined variable: this in /nas/content/staging/tilray/wp-content/plugins/tilray-products/tilray-products.php on line 134
[28-Mar-2017 21:07:00 UTC] PHP Notice:  Undefined variable: this in /nas/content/staging/tilray/wp-content/plugins/tilray-products/tilray-products.php on line 134
[28-Mar-2017 21:07:01 UTC] PHP Notice:  Undefined variable: this in /nas/content/staging/tilray/wp-content/plugins/tilray-products/tilray-products.php on line 134
[28-Mar-2017 21:07:20 UTC] PHP Notice:  Undefined variable: this in /nas/content/staging/tilray/wp-content/plugins/tilray-products/tilray-products.php on line 134
[28-Mar-2017 21:07:21 UTC] PHP Notice:  Undefined variable: this in /nas/content/staging/tilray/wp-content/plugins/tilray-products/tilray-products.php on line 134
[28-Mar-2017 21:07:21 UTC] PHP Notice:  Undefined variable: this in /nas/content/staging/tilray/wp-content/plugins/tilray-products/tilray-products.php on line 134
[28-Mar-2017 21:07:22 UTC] PHP Notice:  Undefined variable: this in /nas/content/staging/tilray/wp-content/plugins/tilray-products/tilray-products.php on line 134
[28-Mar-2017 21:07:22 UTC] PHP Notice:  Undefined variable: this in /nas/content/staging/tilray/wp-content/plugins/tilray-products/tilray-products.php on line 134
[28-Mar-2017 21:07:23 UTC] PHP Notice:  Undefined variable: this in /nas/content/staging/tilray/wp-content/plugins/tilray-products/tilray-products.php on line 134
[28-Mar-2017 21:07:23 UTC] PHP Notice:  Undefined variable: this in /nas/content/staging/tilray/wp-content/plugins/tilray-products/tilray-products.php on line 134
[28-Mar-2017 21:07:29 UTC] PHP Notice:  Undefined variable: this in /nas/content/staging/tilray/wp-content/plugins/tilray-products/tilray-products.php on line 134
[28-Mar-2017 21:07:30 UTC] PHP Notice:  Undefined variable: this in /nas/content/staging/tilray/wp-content/plugins/tilray-products/tilray-products.php on line 134
[28-Mar-2017 21:07:31 UTC] PHP Notice:  Undefined variable: this in /nas/content/staging/tilray/wp-content/plugins/tilray-products/tilray-products.php on line 134
[28-Mar-2017 21:07:40 UTC] PHP Notice:  Undefined variable: this in /nas/content/staging/tilray/wp-content/plugins/tilray-products/tilray-products.php on line 134
[28-Mar-2017 21:07:41 UTC] PHP Notice:  Undefined variable: this in /nas/content/staging/tilray/wp-content/plugins/tilray-products/tilray-products.php on line 134
[28-Mar-2017 21:07:42 UTC] PHP Notice:  Trying to get property of non-object in /nas/content/staging/tilray/wp-includes/post-template.php on line 298
[28-Mar-2017 21:07:46 UTC] PHP Notice:  Undefined variable: this in /nas/content/staging/tilray/wp-content/plugins/tilray-products/tilray-products.php on line 134
[28-Mar-2017 21:07:47 UTC] PHP Notice:  Undefined variable: this in /nas/content/staging/tilray/wp-content/plugins/tilray-products/tilray-products.php on line 134
[28-Mar-2017 21:07:48 UTC] PHP Notice:  Trying to get property of non-object in /nas/content/staging/tilray/wp-includes/post-template.php on line 298
[28-Mar-2017 21:07:59 UTC] PHP Notice:  Undefined variable: this in /nas/content/staging/tilray/wp-content/plugins/tilray-products/tilray-products.php on line 134
[28-Mar-2017 21:08:00 UTC] PHP Notice:  Undefined variable: this in /nas/content/staging/tilray/wp-content/plugins/tilray-products/tilray-products.php on line 134
[28-Mar-2017 21:08:04 UTC] PHP Notice:  Undefined variable: this in /nas/content/staging/tilray/wp-content/plugins/tilray-products/tilray-products.php on line 134
[28-Mar-2017 21:08:05 UTC] PHP Notice:  Undefined variable: this in /nas/content/staging/tilray/wp-content/plugins/tilray-products/tilray-products.php on line 134
[28-Mar-2017 21:08:05 UTC] PHP Notice:  Undefined variable: this in /nas/content/staging/tilray/wp-content/plugins/tilray-products/tilray-products.php on line 134
[28-Mar-2017 21:08:06 UTC] PHP Notice:  Undefined variable: this in /nas/content/staging/tilray/wp-content/plugins/tilray-products/tilray-products.php on line 134
[28-Mar-2017 21:08:13 UTC] PHP Notice:  Undefined variable: this in /nas/content/staging/tilray/wp-content/plugins/tilray-products/tilray-products.php on line 134
[28-Mar-2017 21:08:14 UTC] PHP Deprecated:  Function split() is deprecated in /nas/content/staging/tilray/wp-content/themes/Revera/functions.php on line 28
[28-Mar-2017 21:08:14 UTC] PHP Notice:  Undefined offset: 1 in /nas/content/staging/tilray/wp-content/themes/Revera/functions.php on line 28
[28-Mar-2017 21:08:15 UTC] PHP Notice:  Undefined variable: this in /nas/content/staging/tilray/wp-content/plugins/tilray-products/tilray-products.php on line 134
[28-Mar-2017 21:08:15 UTC] PHP Notice:  Trying to get property of non-object in /nas/content/staging/tilray/wp-includes/post-template.php on line 298
[28-Mar-2017 21:08:24 UTC] PHP Notice:  Undefined variable: this in /nas/content/staging/tilray/wp-content/plugins/tilray-products/tilray-products.php on line 134
[28-Mar-2017 21:08:25 UTC] PHP Notice:  Undefined variable: this in /nas/content/staging/tilray/wp-content/plugins/tilray-products/tilray-products.php on line 134
[28-Mar-2017 21:08:25 UTC] PHP Notice:  Undefined variable: this in /nas/content/staging/tilray/wp-content/plugins/tilray-products/tilray-products.php on line 134
[28-Mar-2017 21:08:31 UTC] PHP Notice:  Undefined variable: this in /nas/content/staging/tilray/wp-content/plugins/tilray-products/tilray-products.php on line 134
[28-Mar-2017 21:08:32 UTC] PHP Deprecated:  Function split() is deprecated in /nas/content/staging/tilray/wp-content/themes/Revera/functions.php on line 28
[28-Mar-2017 21:08:32 UTC] PHP Notice:  Undefined offset: 1 in /nas/content/staging/tilray/wp-content/themes/Revera/functions.php on line 28
[28-Mar-2017 21:08:33 UTC] PHP Notice:  Undefined variable: this in /nas/content/staging/tilray/wp-content/plugins/tilray-products/tilray-products.php on line 134
[28-Mar-2017 21:08:34 UTC] PHP Notice:  Trying to get property of non-object in /nas/content/staging/tilray/wp-includes/post-template.php on line 298
[28-Mar-2017 21:08:36 UTC] PHP Notice:  Undefined variable: this in /nas/content/staging/tilray/wp-content/plugins/tilray-products/tilray-products.php on line 134
[28-Mar-2017 21:08:36 UTC] PHP Deprecated:  Function split() is deprecated in /nas/content/staging/tilray/wp-content/themes/Revera/functions.php on line 28
[28-Mar-2017 21:08:36 UTC] PHP Notice:  Undefined offset: 1 in /nas/content/staging/tilray/wp-content/themes/Revera/functions.php on line 28
[28-Mar-2017 21:08:37 UTC] PHP Notice:  Undefined variable: this in /nas/content/staging/tilray/wp-content/plugins/tilray-products/tilray-products.php on line 134
[28-Mar-2017 21:08:38 UTC] PHP Notice:  Trying to get property of non-object in /nas/content/staging/tilray/wp-includes/post-template.php on line 298
[28-Mar-2017 21:08:42 UTC] PHP Notice:  Undefined variable: this in /nas/content/staging/tilray/wp-content/plugins/tilray-products/tilray-products.php on line 134
[28-Mar-2017 21:08:43 UTC] PHP Notice:  Undefined variable: this in /nas/content/staging/tilray/wp-content/plugins/tilray-products/tilray-products.php on line 134
[28-Mar-2017 21:08:44 UTC] PHP Notice:  Undefined variable: this in /nas/content/staging/tilray/wp-content/plugins/tilray-products/tilray-products.php on line 134
[28-Mar-2017 21:40:15 UTC] PHP Notice:  Undefined variable: this in /nas/content/staging/tilray/wp-content/plugins/tilray-products/tilray-products.php on line 134
[28-Mar-2017 21:42:14 UTC] PHP Notice:  Undefined variable: this in /nas/content/staging/tilray/wp-content/plugins/tilray-products/tilray-products.php on line 134
